1557140662480	mozrunner::runner	INFO	Running command: "C:\\Program Files\\Mozilla Firefox\\firefox.exe" "-marionette" "-foreground" "-no-remote" "-profile" "C:\\Users\\prath\\AppData\\Local\\Temp\\rust_mozprofile.LGT7qbi3mSn6"
1557140666889	addons.webextension.screenshots@mozilla.org	WARN	Loading extension 'screenshots@mozilla.org': Reading manifest: Invalid extension permission: mozillaAddons
1557140666890	addons.webextension.screenshots@mozilla.org	WARN	Loading extension 'screenshots@mozilla.org': Reading manifest: Invalid extension permission: resource://pdf.js/
1557140666890	addons.webextension.screenshots@mozilla.org	WARN	Loading extension 'screenshots@mozilla.org': Reading manifest: Invalid extension permission: about:reader*
1557140676170	Marionette	INFO	Listening on port 57408
1557140676252	Marionette	WARN	TLS certificate errors will be ignored for this session
[Parent 10144, Gecko_IOThread] WARNING: pipe error: 109: file z:/build/build/src/ipc/chromium/src/chrome/common/ipc_channel_win.cc, line 332
[Child 9232, Chrome_ChildThread] WARNING: pipe error: 109: file z:/build/build/src/ipc/chromium/src/chrome/common/ipc_channel_win.cc, line 332
[Child 9232, Chrome_ChildThread] WARNING: pipe error: 109: file z:/build/build/src/ipc/chromium/src/chrome/common/ipc_channel_1557140803750	Marionette	INFO	Stopped listening on port 57408

###!!! [Child][RunMessage] Error: Channel closing: too late to send/recv, messages will be lost

[GPU 
###!!! [Child][MessageChannel::SendAndWait] Error: Channel error: cannot send/recv

1557140872246	mozrunner::runner	INFO	Running command: "C:\\Program Files\\Mozilla Firefox\\firefox.exe" "-marionette" "-foreground" "-no-remote" "-profile" "C:\\Users\\prath\\AppData\\Local\\Temp\\rust_mozprofile.3ZuiwI4TvhbA"
1557140873114	addons.webextension.screenshots@mozilla.org	WARN	Loading extension 'screenshots@mozilla.org': Reading manifest: Invalid extension permission: mozillaAddons
1557140873114	addons.webextension.screenshots@mozilla.org	WARN	Loading extension 'screenshots@mozilla.org': Reading manifest: Invalid extension permission: resource://pdf.js/
1557140873115	addons.webextension.screenshots@mozilla.org	WARN	Loading extension 'screenshots@mozilla.org': Reading manifest: Invalid extension permission: about:reader*
1557140877323	Marionette	INFO	Listening on port 57822
1557140877719	Marionette	WARN	TLS certificate errors will be ignored for this session
1557140897357	Marionette	WARN	TimedPromise timed out after 500 ms: stacktrace:
bail@chrome://marionette/content/sync.js:224:64
R@https://munchkin.marketo.net/155/munchkin.js:12:291
K@https://munchkin.marketo.net/155/munchkin.js:12:451
t@https://munchkin.marketo.net/155/munchkin.js:15:73
M@https://munchkin.marketo.net/155/munchkin.js:16:377
f@https://munchkin.marketo.net/155/munchkin.js:7:139
event.synthesizeMouseAtPoint@chrome://marionette/content/event.js:202:5
webdriverClickElement@chrome://marionette/content/interaction.js:183:5
console.error: BroadcastService: 
  receivedBroadcastMessage: handler for
  remote-settings/monitor_changes
  threw error:
  Message: Error: Polling for changes failed: NetworkError when attempting to fetch resource..
  Stack:
    remoteSettingsFunction/remoteSettings.pollChanges@resource://services-settings/remote-settings.js:190:13

JavaScript warning: https://account.magento.com/js/jquery/jquery-1.9.1.min.js, line 2: Using //@ to indicate sourceMappingURL pragmas is deprecated. Use //# instead
JavaScript warning: https://account.magento.com/js/jquery/jquery-1.9.1.min.js, line 2: Using //@ to indicate sourceMappingURL pragmas is deprecated. Use //# instead
JavaScript error: https://assets.adobedtm.com/launch-EN919758db9a654a17bac7d184b99c4820.min.js, line 6: TypeError: n is undefined
[Parent 6400, Gecko_IOThread] WARNING: pipe error: 109: file z:/build/build/src/ipc/chromium/src/chrome/common/ipc_channel_win.cc, line 332
[Child 10972, Chrome_ChildThread] WARNING: pipe error: 109: file z:/build/build/src/ipc/chromium/src/chrome/common/ipc_channel_win.cc, line 332
[Child 10972, Chrome_ChildThread] WARNING: pipe error: 109: file z:/build/build/src/ipc/chromium/1557141377990	Marionette	INFO	Stopped listening on port 57822
[GPU 71
###!!! [Child][MessageChannel::SendAndWait] Error: Channel error: cannot send/recv

 permission: resource://pdf.js/
1557141228726	addons.webextension.screenshots@mozilla.org	WARN	Loading extension 'screenshots@mozilla.org': Reading manifest: Invalid extension permission: about:reader*
1557141233521	Marionette	INFO	Listening on port 58337
1557141233699	Marionette	WARN	TLS certificate errors will be ignored for this session
1557141249154	Marionette	WARN	TimedPromise timed out after 500 ms: stacktrace:
bail@chrome://marionette/content/sync.js:224:64
R@https://munchkin.marketo.net/155/munchkin.js:12:291
K@https://munchkin.marketo.net/155/munchkin.js:12:451
t@https://munchkin.marketo.net/155/munchkin.js:15:73
M@https://munchkin.marketo.net/155/munchkin.js:16:377
f@https://munchkin.marketo.net/155/munchkin.js:7:139
event.synthesizeMouseAtPoint@chrome://marionette/content/event.js:202:5
webdriverClickElement@chrome://marionette/content/interaction.js:183:5
JavaScript warning: https://account.magento.com/js/jquery/jquery-1.9.1.min.js, line 2: Using //@ to indicate sourceMappingURL pragmas is deprecated. Use //# instead
JavaScript warning: https://account.magento.com/js/jquery/jquery-1.9.1.min.js, line 2: Using //@ to indicate sourceMappingURL pragmas is deprecated. Use //# instead
JavaScript warning: https://account.magento.com/js/jquery/jquery-1.9.1.min.js, line 2: Using //@ to indicate sourceMappingURL pragmas is deprecated. Use //# instead
JavaScript error: https://assets.adobedtm.com/launch-EN919758db9a654a17bac7d184b99c4820.min.js, line 6: TypeError: n is undefined
console.error: BroadcastService: 
  receivedBroadcastMessage: handler for
  remote-settings/monitor_changes
  threw error:
  Message: Error: Polling for changes failed: NetworkError when attempting to fetch resource..
  Stack:
    remoteSettingsFunction/remoteSettings.pollChanges@resource://services-settings/remote-settings.js:190:13

[Child 6388, Chrome_ChildThread] WARNING: pipe error: 109: file z:/build/build/src/ipc/chromium/src/chrome/common/ipc_channel_win.cc, line 332
[Child 6388, Chrome_ChildThread] WARNING: pipe error: 109: file z:/build/build/src/ipc/chromium/src/chrome/common/ipc_channel_win.cc, line 332
1557141381440	Marionette	INFO	Stopped listening on port 58337

###!!! [Child][RunMessage] Error: Channel closing: too late to send/recv, messages will be lost

[GPU 13876, Ch
###!!! [Child][MessageChannel::SendAndWait] Error: Channel error: cannot send/recv

5	Marionette	WARN	TimedPromise timed out after 500 ms: stacktrace:
bail@chrome://marionette/content/sync.js:224:64
R@https://munchkin.marketo.net/155/munchkin.js:12:291
K@https://munchkin.marketo.net/155/munchkin.js:12:451
t@https://munchkin.marketo.net/155/munchkin.js:15:73
M@https://munchkin.marketo.net/155/munchkin.js:16:377
f@https://munchkin.marketo.net/155/munchkin.js:7:139
event.synthesizeMouseAtPoint@chrome://marionette/content/event.js:202:5
webdriverClickElement@chrome://marionette/content/interaction.js:183:5
JavaScript warning: https://account.magento.com/js/jquery/jquery-1.9.1.min.js, line 2: Using //@ to indicate sourceMappingURL pragmas is deprecated. Use //# instead
console.error: BroadcastService: 
  receivedBroadcastMessage: handler for
  remote-settings/monitor_changes
  threw error:
  Message: Error: Polling for changes failed: NetworkError when attempting to fetch resource..
  Stack:
    remoteSettingsFunction/remoteSettings.pollChanges@resource://services-settings/remote-settings.js:190:13

JavaScript warning: https://account.magento.com/js/jquery/jquery-1.9.1.min.js, line 2: Using //@ to indicate sourceMappingURL pragmas is deprecated. Use //# instead
JavaScript warning: https://account.magento.com/js/jquery/jquery-1.9.1.min.js, line 2: Using //@ to indicate sourceMappingURL pragmas is deprecated. Use //# instead
JavaScript error: https://assets.adobedtm.com/launch-EN919758db9a654a17bac7d184b99c4820.min.js, line 6: TypeError: n is undefined
[Parent 3268, Gecko_IOThread] WARNING: pipe error: 109: file z:/build/build/src/ipc/chromium/src/chrome/common/ipc_channel_win.cc, line 332

###!!! [Child][MessageChannel] Error: (msgtype=0x5F0029,name=PNecko::Msg_RemoveRequestContext) Channel closing: too late to send/recv, messages will be lost

[Child 12628, Chrome_ChildThread] WARNING: pipe error: 109: file z:/build/build/src/ipc/chromium/src/chrome/common/ipc_channel_win.cc, line 332
[Child 12628, 1557141381335	Marionette	INFO	Stopped listening on port 58612

###!!! [Child][RunMessage] Error: Channel closing: too late to send/recv, messages will be lost


###!!! [Child][MessageChannel::SendAndWait] Error: Channel error: cannot send/recv

1557222572203	mozrunner::runner	INFO	Running command: "C:\\Program Files\\Mozilla Firefox\\firefox.exe" "-marionette" "-foreground" "-no-remote" "-profile" "C:\\Users\\prath\\AppData\\Local\\Temp\\rust_mozprofile.VNUufbPYNXwJ"
1557222700946	mozrunner::runner	INFO	Running command: "C:\\Program Files\\Mozilla Firefox\\firefox.exe" "-marionette" "-foreground" "-no-remote" "-profile" "C:\\Users\\prath\\AppData\\Local\\Temp\\rust_mozprofile.8hSLSk8BrsZA"
1557222703932	addons.webextension.screenshots@mozilla.org	WARN	Loading extension 'screenshots@mozilla.org': Reading manifest: Invalid extension permission: mozillaAddons
1557222703932	addons.webextension.screenshots@mozilla.org	WARN	Loading extension 'screenshots@mozilla.org': Reading manifest: Invalid extension permission: resource://pdf.js/
1557222703932	addons.webextension.screenshots@mozilla.org	WARN	Loading extension 'screenshots@mozilla.org': Reading manifest: Invalid extension permission: about:reader*
1557222707813	Marionette	INFO	Listening on port 64951
1557222708443	Marionette	WARN	TLS certificate errors will be ignored for this session
1557222722219	Marionette	INFO	Stopped listening on port 64951

###!!! [Child][RunMessage] Error: Channel closing: too late to send/recv, messages will be lost

[GPU
###!!! [Child][MessageChannel::SendAndWait] Error: Channel error: cannot send/recv

1557222731881	mozrunner::runner	INFO	Running command: "C:\\Program Files\\Mozilla Firefox\\firefox.exe" "-marionette" "-foreground" "-no-remote" "-profile" "C:\\Users\\prath\\AppData\\Local\\Temp\\rust_mozprofile.RPMuAGnVaB2n"
1557222733528	addons.webextension.screenshots@mozilla.org	WARN	Loading extension 'screenshots@mozilla.org': Reading manifest: Invalid extension permission: mozillaAddons
1557222733528	addons.webextension.screenshots@mozilla.org	WARN	Loading extension 'screenshots@mozilla.org': Reading manifest: Invalid extension permission: resource://pdf.js/
1557222733529	addons.webextension.screenshots@mozilla.org	WARN	Loading extension 'screenshots@mozilla.org': Reading manifest: Invalid extension permission: about:reader*
1557222736928	Marionette	INFO	Listening on port 64988
1557222737408	Marionette	WARN	TLS certificate errors will be ignored for this session
1557222757619	Marionette	WARN	TimedPromise timed out after 500 ms: stacktrace:
bail@chrome://marionette/content/sync.js:224:64
R@https://munchkin.marketo.net/155/munchkin.js:12:291
K@https://munchkin.marketo.net/155/munchkin.js:12:451
t@https://munchkin.marketo.net/155/munchkin.js:15:73
M@https://munchkin.marketo.net/155/munchkin.js:16:377
f@https://munchkin.marketo.net/155/munchkin.js:7:139
event.synthesizeMouseAtPoint@chrome://marionette/content/event.js:202:5
webdriverClickElement@chrome://marionette/content/interaction.js:183:5
JavaScript warning: https://account.magento.com/js/jquery/jquery-1.9.1.min.js, line 2: Using //@ to indicate sourceMappingURL pragmas is deprecated. Use //# instead
console.error: BroadcastService: 
  receivedBroadcastMessage: handler for
  remote-settings/monitor_changes
  threw error:
  Message: Error: Polling for changes failed: NetworkError when attempting to fetch resource..
  Stack:
    remoteSettingsFunction/remoteSettings.pollChanges@resource://services-settings/remote-settings.js:190:13

JavaScript error: https://assets.adobedtm.com/launch-EN919758db9a654a17bac7d184b99c4820.min.js, line 6: TypeError: n is undefined
1557222767696	Marionette	WARN	TimedPromise timed out after 500 ms: stacktrace:
bail@chrome://marionette/content/sync.js:224:64
JavaScript warning: https://account.magento.com/js/jquery/jquery-1.9.1.min.js, line 2: Using //@ to indicate sourceMappingURL pragmas is deprecated. Use //# instead
JavaScript warning: https://account.magento.com/js/jquery/jquery-1.9.1.min.js, line 2: Using //@ to indicate sourceMappingURL pragmas is deprecated. Use //# instead
JavaScript error: https://assets.adobedtm.com/launch-EN919758db9a654a17bac7d184b99c4820.min.js, line 6: TypeError: n is undefined
[Child 2804[Parent 10856, Gecko_IOThread] WARNING: pipe error: 109: file z:/build/build/src/ipc/chromium/src/chrome/common/ipc_channel_win.cc, line 332
[Child 4724, Chrome_ChildThread] WARNING: pipe error: 109: file z:/build/b1557222819347	addons.webextension.screenshots@mozilla.org	WARN	Loading extension 'screenshots@mozilla.org': Reading manifest: Invalid extension permission: mozillaAddons
1557222819348	addons.webextension.screenshots@mozilla.org	WARN	Loading extension 'screenshots@mozilla.org': Reading manifest: Invalid extension permission: resource://pdf.js/
1557222819348	addons.webextension.screenshots@mozilla.org	WARN	Loading extension 'screenshots@mozilla.org': Reading manifest: Invalid extension permission: about:reader*
1557222823237	Marionette	INFO	Listening on port 65190
1557222823545	Marionette	WARN	TLS certificate errors will be ignored for this session
1557222838541	Marionette	WARN	TimedPromise timed out after 500 ms: stacktrace:
bail@chrome://marionette/content/sync.js:224:64
JavaScript warning: https://account.magento.com/js/jquery/jquery-1.9.1.min.js, line 2: Using //@ to indicate sourceMappingURL pragmas is deprecated. Use //# instead
console.error: BroadcastService: 
  receivedBroadcastMessage: handler for
  remote-settings/monitor_changes
  threw error:
  Message: Error: Polling for changes failed: NetworkError when attempting to fetch resource..
  Stack:
    remoteSettingsFunction/remoteSettings.pollChanges@resource://services-settings/remote-settings.js:190:13

JavaScript warning: https://account.magento.com/js/jquery/jquery-1.9.1.min.js, line 2: Using //@ to indicate sourceMappingURL pragmas is deprecated. Use //# instead
JavaScript warning: https://account.magento.com/js/jquery/jquery-1.9.1.min.js, line 2: Using //@ to indicate sourceMappingURL pragmas is deprecated. Use //# instead
1557222857295	Marionette	INFO	Stopped listening on port 65190
JavaScript error: resource://gre/modules/WebProgressChild.jsm, line 61: TypeError: this.mm.content is null
[Child 8132, Chrome_ChildThread] WARNING: pipe error: 109: file z:/build/build/src/ipc/chromium/src/chrome/common/ipc_channel_win.cc, line 332
[Child 8132, C
###!!! [Child][RunMessage] Error: Channel closing: too late to send/recv, messages will be lost

[GPU 14624, C
###!!! [Child][MessageChannel::SendAndWait] Error: Channel error: cannot send/recv

1557222876671	mozrunner::runner	INFO	Running command: "C:\\Program Files\\Mozilla Firefox\\firefox.exe" "-marionette" "-foreground" "-no-remote" "-profile" "C:\\Users\\prath\\AppData\\Local\\Temp\\rust_mozprofile.kYhgkkcbciKP"
1557222879413	addons.webextension.screenshots@mozilla.org	WARN	Loading extension 'screenshots@mozilla.org': Reading manifest: Invalid extension permission: mozillaAddons
1557222879414	addons.webextension.screenshots@mozilla.org	WARN	Loading extension 'screenshots@mozilla.org': Reading manifest: Invalid extension permission: resource://pdf.js/
1557222879414	addons.webextension.screenshots@mozilla.org	WARN	Loading extension 'screenshots@mozilla.org': Reading manifest: Invalid extension permission: about:reader*
1557222882457	Marionette	INFO	Listening on port 65388
1557222882828	Marionette	WARN	TLS certificate errors will be ignored for this session
JavaScript error: https://magento.com/ line 1498 > scriptElement, line 1: TypeError: jQuery is not a function
JavaScript error: https://magento.com/ line 1498 > scriptElement, line 1: TypeError: jQuery is not a function
JavaScript error: https://magento.com/ line 1498 > scriptElement, line 1: TypeError: jQuery is not a function
JavaScript error: https://magento.com/ line 1498 > scriptElement, line 1: TypeError: jQuery is not a function
JavaScript error: https://magento.com/ line 1498 > scriptElement, line 1: TypeError: jQuery is not a function
JavaScript error: https://magento.com/ line 1498 > scriptElement, line 1: TypeError: jQuery is not a function
1557222900787	Marionette	WARN	TimedPromise timed out after 500 ms: stacktrace:
bail@chrome://marionette/content/sync.js:224:64
JavaScript error: https://magento.com/ line 1498 > scriptElement, line 1: TypeError: jQuery is not a function
JavaScript error: https://magento.com/ line 1498 > scriptElement, line 1: TypeError: jQuery is not a function
console.error: BroadcastService: 
  receivedBroadcastMessage: handler for
  remote-settings/monitor_changes
  threw error:
  Message: Error: Polling for changes failed: NetworkError when attempting to fetch resource..
  Stack:
    remoteSettingsFunction/remoteSettings.pollChanges@resource://services-settings/remote-settings.js:190:13

JavaScript warning: https://account.magento.com/js/jquery/jquery-1.9.1.min.js, line 2: Using //@ to indicate sourceMappingURL pragmas is deprecated. Use //# instead
JavaScript warning: https://account.magento.com/js/jquery/jquery-1.9.1.min.js, line 2: Using //@ to indicate sourceMappingURL pragmas is deprecated. Use //# instead
JavaScript warning: https://account.magento.com/js/jquery/jquery-1.9.1.min.js, line 2: Using //@ to indicate sourceMappingURL pragmas is deprecated. Use //# instead
1557222917833	Marionette	INFO	Stopped listening on port 65388
[Parent 14328, Gecko_IOThread] WARNING: pipe error: 109: file z:/build/build/src/ipc/chromium/src/chrome/common/ipc_channel_win.cc, line 332
JavaScript error: resource://gre/modules/WebProgressChild.jsm, line 61: TypeError: this.mm.content is null
[Child 10928, Chrome_ChildThread] WARNING: pipe error: 109: file z:/build/build/src/ipc/chromium/src/chrome/common/ipc_channel_win.cc, line 332
[Child 10928, Chrome_ChildThread] WARNING: pipe error: 109: file z:/build/build/src/ipc/chromium/src/chrome/common/ipc_channel_win.cc, line 332
[Parent 14328, Gecko_IOThread] WARNING: pipe error: 109: file z:/build/build/src/ipc/chromium/src/chrome/common/ipc_channel_win.cc, line 332
[Child 852, Chrome_ChildThread] WARNING: pipe error: 109: file z:/build/build/src/ipc/chromium/src/chrome/common/ipc_channel_win.cc, line 332

###!!! [Child][RunMessage] Error: Channel closing: too late to send/recv, messages will be lost

[Child 852, Chrome_Chi[Parent 14328, Gecko_IOThread] WARNING: pipe error: 109: file z:/build/build/src/ipc/chromium/src/chrome/common/ipc_channel_win.cc, line 332
[Child 7152, Chrome_ChildThread] WARNING: pipe error: 109: file z:/build/build/src/ipc/chromium/src/chrome/common/ipc_channel_win.cc, line 332
[Child 7152, Chr[G
###!!! [Child][RunMessage] Error: Channel closing: too late to send/recv, messages will be lost

PU 9684, Chrome
###!!! [Child][MessageChannel::SendAndWait] Error: Channel error: cannot send/recv

1557223086789	mozrunner::runner	INFO	Running command: "C:\\Program Files\\Mozilla Firefox\\firefox.exe" "-marionette" "-foreground" "-no-remote" "-profile" "C:\\Users\\prath\\AppData\\Local\\Temp\\rust_mozprofile.EW3zlB0oQiSB"
1557223088863	addons.webextension.screenshots@mozilla.org	WARN	Loading extension 'screenshots@mozilla.org': Reading manifest: Invalid extension permission: mozillaAddons
1557223088864	addons.webextension.screenshots@mozilla.org	WARN	Loading extension 'screenshots@mozilla.org': Reading manifest: Invalid extension permission: resource://pdf.js/
1557223088864	addons.webextension.screenshots@mozilla.org	WARN	Loading extension 'screenshots@mozilla.org': Reading manifest: Invalid extension permission: about:reader*
1557223092031	Marionette	INFO	Listening on port 49227
1557223092354	Marionette	WARN	TLS certificate errors will be ignored for this session
1557223106710	Marionette	WARN	TimedPromise timed out after 500 ms: stacktrace:
bail@chrome://marionette/content/sync.js:224:64
JavaScript warning: https://account.magento.com/js/jquery/jquery-1.9.1.min.js, line 2: Using //@ to indicate sourceMappingURL pragmas is deprecated. Use //# instead
console.error: BroadcastService: 
  receivedBroadcastMessage: handler for
  remote-settings/monitor_changes
  threw error:
  Message: Error: Polling for changes failed: NetworkError when attempting to fetch resource..
  Stack:
    remoteSettingsFunction/remoteSettings.pollChanges@resource://services-settings/remote-settings.js:190:13

JavaScript warning: https://account.magento.com/js/jquery/jquery-1.9.1.min.js, line 2: Using //@ to indicate sourceMappingURL pragmas is deprecated. Use //# instead
JavaScript warning: https://account.magento.com/js/jquery/jquery-1.9.1.min.js, line 2: Using //@ to indicate sourceMappingURL pragmas is deprecated. Use //# instead
1557223123255	Marionette	INFO	Stopped listening on port 49227
[Parent 4372, Gecko_IOThread] WARNING: pipe error: 109: file z:/build/build/src/ipc/chromium/src/chrome/common/ipc_channel_win.cc, line 332
[Parent 4372, Gecko_IOThread] WARNING: pipe error: 109: file z:/build/build/src/ipc/chromium/src/chrome/common/ipc_channel_win.cc, line 332
[Child 14916, Chrome_ChildThread] WARNING: pipe error: 109: file z:/build/build/src/ipc/chromium/src/chrome/common/ipc_channel_win.cc, line 332
[Child 14
###!!! [Child][RunMessage] Error: Channel closing: too late to send/recv, messages will be lost

[GPU 
###!!! [Child][MessageChannel::SendAndWait] Error: Channel error: cannot send/recv

